1766434839136	geckodriver	INFO	Listening on 127.0.0.1:55618
1766434842243	mozrunner::runner	INFO	Running command: "C:\\Users\\clems\\.cache\\selenium\\firefox\\win64\\146.0.1\\firefox.exe" "--marionette" "--remote-debuggin ... 9" "--remote-allow-hosts" "localhost" "-no-remote" "-profile" "C:\\Users\\clems\\AppData\\Local\\Temp\\rust_mozprofileYYKJFo"
console.warn: services.settings: Ignoring preference override of remote settings server
console.warn: services.settings: Allow by setting MOZ_REMOTE_SETTINGS_DEVTOOLS=1 in the environment
Dynamically enable window occlusion 0
1766434843263	Marionette	INFO	Marionette enabled
1766434843683	Marionette	INFO	Listening on port 59705
Read port: 59705
WebDriver BiDi listening on ws://127.0.0.1:55619
1766434844013	RemoteAgent	WARN	TLS certificate errors will be ignored for this session
[GFX1-]: Calling WaitFlushedEvent::Run: is delayed: 2016
console.warn: LoginRecipes: "Falling back to a synchronous message for: https://www.saucedemo.com."
1766434856102	Marionette	INFO	Stopped listening on port 59705
Dynamically enable window occlusion 1
console.error: (new TypeError("NetworkError when attempting to fetch resource.", ""))
console.error: (new Error("OHTTP was configured for https://ads.mozilla.org/v1/delete_user but we couldn't fetch a valid config", "moz-src:///browser/modules/ContextId.sys.mjs", 234))
console.error: "Failed to fetch https://spocs.getpocket.com/user:" "NetworkError when attempting to fetch resource."
console.error: services.settings: 
  main/fxrelay-allowlist Signature failed  [Exception... "<no message>"  nsresult: "0x8046001e (<unknown>)"  location: "JS frame :: resource://gre/modules/ServiceRequest.sys.mjs :: open :: line 126"  data: no]
console.error: services.settings: 
Object
  - prototype Object
    - columnNumber = 11
    - data = null
    - filename = resource://gre/modules/ServiceRequest.sys.mjs
    - lineNumber = 126
    - location = {"name":"open","filename":"resource://gre/modules/ServiceRequest.sys.mjs","sourceId":27,"lineNumber":126,"columnNumber":11,"asyncCause":null,"asyncCaller":null,"caller":{"filename":"resource://services-settings/Utils.sys.mjs","name":"fetch/<","sourceId":26,"lineNumber":272,"columnNumber":15,"asyncCause":null,"asyncCaller":null,"caller":{"filename":"resource://services-settings/Utils.sys.mjs","name":"fetch","sourceId":26,"lineNumber":223,"columnNumber":12,"asyncCause":null,"asyncCaller":null,"caller":{"filename":"resource://services-settings/RemoteSettingsClient.sys.mjs","name":"validateCollectionSignature","sourceId":24,"lineNumber":1102,"columnNumber":49,"asyncCause":null,"asyncCaller":null,"caller":null,"formattedStack":"validateCollectionSignature@resource://services-settings/RemoteSettingsClient.sys.mjs:1102:49\n","nativeSavedFrame":{}},"formattedStack":"fetch@resource://services-settings/Utils.sys.mjs:223:12\nvalidateCollectionSignature@resource://services-settings/RemoteSettingsClient.sys.mjs:1102:49\n","nativeSavedFrame":{}},"formattedStack":"fetch/<@resource://services-settings/Utils.sys.mjs:272:15\nfetch@resource://services-settings/Utils.sys.mjs:223:12\nvalidateCollectionSignature@resource://services-settings/RemoteSettingsClient.sys.mjs:1102:49\n","nativeSavedFrame":{}},"formattedStack":"open@resource://gre/modules/ServiceRequest.sys.mjs:126:11\nfetch/<@resource://services-settings/Utils.sys.mjs:272:15\nfetch@resource://services-settings/Utils.sys.mjs:223:12\nvalidateCollectionSignature@resource://services-settings/RemoteSettingsClient.sys.mjs:1102:49\n","nativeSavedFrame":{}}
    - message = 
    - name = 
    - result = 2152071198
    - stack = open@resource://gre/modules/ServiceRequest.sys.mjs:126:11|fetch/<@resource://services-settings/Utils.sys.mjs:272:15|fetch@resource://services-settings/Utils.sys.mjs:223:12|validateCollectionSignature@resource://services-settings/RemoteSettingsClient.sys.mjs:1102:49|
  - prototype Object
JavaScript error: resource://gre/modules/ObliviousHTTP.sys.mjs, line 117: NS_ERROR_XPC_CANT_CONVERT_PRIMITIVE_TO_ARRAY: Cannot convert primitive JavaScript value into an array arg 2 [nsIObliviousHttpService.newChannel]
console.warn: TopSitesFeed: Failed to fetch data from MARS server: NetworkError when attempting to fetch resource.
